# JRE version: Java(TM) SE Runtime Environment (8.0_151-b12) (build 1.8.0_151-b12)
# Java VM: Java HotSpot(TM) Client VM (25.151-b12 mixed mode windows-x86 )
Heap:
 def new generation   total 23680K, used 10423K [0x06e00000, 0x087b0000, 0x0c350000)
  eden space 21056K,  39% used [0x06e00000, 0x0760c140, 0x08290000)
  from space 2624K,  83% used [0x08520000, 0x08741ae0, 0x087b0000)
  to   space 2624K,   0% used [0x08290000, 0x08290000, 0x08520000)
 tenured generation   total 52528K, used 25215K [0x0c350000, 0x0f69c000, 0x16e00000)
   the space 52528K,  48% used [0x0c350000, 0x0dbefcf8, 0x0dbefe00, 0x0f69c000)
 Metaspace       used 6366K, capacity 6527K, committed 6656K, reserved 7552K
GC Heap History (10 events):
Event: 274.656 GC heap before
{Heap before GC invocations=286 (full 4):
 def new generation   total 23680K, used 22379K [0x06e00000, 0x087b0000, 0x0c350000)
  eden space 21056K,  95% used [0x06e00000, 0x081bad80, 0x08290000)
  from space 2624K,  82% used [0x08290000, 0x084b0198, 0x08520000)
  to   space 2624K,   0% used [0x08520000, 0x08520000, 0x087b0000)
 tenured generation   total 52528K, used 25214K [0x0c350000, 0x0f69c000, 0x16e00000)
   the space 52528K,  48% used [0x0c350000, 0x0dbef838, 0x0dbefa00, 0x0f69c000)
 Metaspace       used 6360K, capacity 6527K, committed 6656K, reserved 7552K
Event: 274.657 GC heap after
Heap after GC invocations=287 (full 4):
 def new generation   total 23680K, used 1282K [0x06e00000, 0x087b0000, 0x0c350000)
  eden space 21056K,   0% used [0x06e00000, 0x06e00000, 0x08290000)
  from space 2624K,  48% used [0x08520000, 0x08660818, 0x087b0000)
  to   space 2624K,   0% used [0x08290000, 0x08290000, 0x08520000)
 tenured generation   total 52528K, used 25214K [0x0c350000, 0x0f69c000, 0x16e00000)
   the space 52528K,  48% used [0x0c350000, 0x0dbef968, 0x0dbefa00, 0x0f69c000)
 Metaspace       used 6360K, capacity 6527K, committed 6656K, reserved 7552K
}
Event: 275.996 GC heap before
{Heap before GC invocations=287 (full 4):
 def new generation   total 23680K, used 22358K [0x06e00000, 0x087b0000, 0x0c350000)
  eden space 21056K,  95% used [0x06e00000, 0x081b4020, 0x08290000)
  from space 2624K,  83% used [0x08520000, 0x08741828, 0x087b0000)
  to   space 2624K,   0% used [0x08290000, 0x08290000, 0x08520000)
 tenured generation   total 52528K, used 25214K [0x0c350000, 0x0f69c000, 0x16e00000)
   the space 52528K,  48% used [0x0c350000, 0x0dbef968, 0x0dbefa00, 0x0f69c000)
 Metaspace       used 6360K, capacity 6527K, committed 6656K, reserved 7552K
Event: 275.997 GC heap after
Heap after GC invocations=288 (full 4):
 def new generation   total 23680K, used 2186K [0x06e00000, 0x087b0000, 0x0c350000)
  eden space 21056K,   0% used [0x06e00000, 0x06e00000, 0x08290000)
  from space 2624K,  83% used [0x08290000, 0x084b2bd0, 0x08520000)
  to   space 2624K,   0% used [0x08520000, 0x08520000, 0x087b0000)
 tenured generation   total 52528K, used 25214K [0x0c350000, 0x0f69c000, 0x16e00000)
   the space 52528K,  48% used [0x0c350000, 0x0dbef968, 0x0dbefa00, 0x0f69c000)
 Metaspace       used 6360K, capacity 6527K, committed 6656K, reserved 7552K
}
Event: 277.123 GC heap before
{Heap before GC invocations=288 (full 4):
 def new generation   total 23680K, used 23245K [0x06e00000, 0x087b0000, 0x0c350000)
  eden space 21056K, 100% used [0x06e00000, 0x08290000, 0x08290000)
  from space 2624K,  83% used [0x08290000, 0x084b34a8, 0x08520000)
  to   space 2624K,   0% used [0x08520000, 0x08520000, 0x087b0000)
 tenured generation   total 52528K, used 25214K [0x0c350000, 0x0f69c000, 0x16e00000)
   the space 52528K,  48% used [0x0c350000, 0x0dbef968, 0x0dbefa00, 0x0f69c000)
 Metaspace       used 6360K, capacity 6527K, committed 6656K, reserved 7552K
Event: 277.125 GC heap after
Heap after GC invocations=289 (full 4):
 def new generation   total 23680K, used 2182K [0x06e00000, 0x087b0000, 0x0c350000)
  eden space 21056K,   0% used [0x06e00000, 0x06e00000, 0x08290000)
  from space 2624K,  83% used [0x08520000, 0x08741b60, 0x087b0000)
  to   space 2624K,   0% used [0x08290000, 0x08290000, 0x08520000)
 tenured generation   total 52528K, used 25214K [0x0c350000, 0x0f69c000, 0x16e00000)
   the space 52528K,  48% used [0x0c350000, 0x0dbefa98, 0x0dbefc00, 0x0f69c000)
 Metaspace       used 6360K, capacity 6527K, committed 6656K, reserved 7552K
}
Event: 278.429 GC heap before
{Heap before GC invocations=289 (full 4):
 def new generation   total 23680K, used 23240K [0x06e00000, 0x087b0000, 0x0c350000)
  eden space 21056K, 100% used [0x06e00000, 0x08290000, 0x08290000)
  from space 2624K,  83% used [0x08520000, 0x087422f0, 0x087b0000)
  to   space 2624K,   0% used [0x08290000, 0x08290000, 0x08520000)
 tenured generation   total 52528K, used 25214K [0x0c350000, 0x0f69c000, 0x16e00000)
   the space 52528K,  48% used [0x0c350000, 0x0dbefa98, 0x0dbefc00, 0x0f69c000)
 Metaspace       used 6360K, capacity 6527K, committed 6656K, reserved 7552K
Event: 278.431 GC heap after
Heap after GC invocations=290 (full 4):
 def new generation   total 23680K, used 2183K [0x06e00000, 0x087b0000, 0x0c350000)
  eden space 21056K,   0% used [0x06e00000, 0x06e00000, 0x08290000)
  from space 2624K,  83% used [0x08290000, 0x084b1ea0, 0x08520000)
  to   space 2624K,   0% used [0x08520000, 0x08520000, 0x087b0000)
 tenured generation   total 52528K, used 25214K [0x0c350000, 0x0f69c000, 0x16e00000)
   the space 52528K,  48% used [0x0c350000, 0x0dbefbc8, 0x0dbefc00, 0x0f69c000)
 Metaspace       used 6360K, capacity 6527K, committed 6656K, reserved 7552K
}
Event: 279.770 GC heap before
{Heap before GC invocations=290 (full 4):
 def new generation   total 23680K, used 23241K [0x06e00000, 0x087b0000, 0x0c350000)
  eden space 21056K, 100% used [0x06e00000, 0x08290000, 0x08290000)
  from space 2624K,  83% used [0x08290000, 0x084b2630, 0x08520000)
  to   space 2624K,   0% used [0x08520000, 0x08520000, 0x087b0000)
 tenured generation   total 52528K, used 25214K [0x0c350000, 0x0f69c000, 0x16e00000)
   the space 52528K,  48% used [0x0c350000, 0x0dbefbc8, 0x0dbefc00, 0x0f69c000)
 Metaspace       used 6360K, capacity 6527K, committed 6656K, reserved 7552K
Event: 279.773 GC heap after
Heap after GC invocations=291 (full 4):
 def new generation   total 23680K, used 2182K [0x06e00000, 0x087b0000, 0x0c350000)
  eden space 21056K,   0% used [0x06e00000, 0x06e00000, 0x08290000)
  from space 2624K,  83% used [0x08520000, 0x08741ae0, 0x087b0000)
  to   space 2624K,   0% used [0x08290000, 0x08290000, 0x08520000)
 tenured generation   total 52528K, used 25215K [0x0c350000, 0x0f69c000, 0x16e00000)
   the space 52528K,  48% used [0x0c350000, 0x0dbefcf8, 0x0dbefe00, 0x0f69c000)
 Metaspace       used 6360K, capacity 6527K, committed 6656K, reserved 7552K
}

