# JRE version: Java(TM) SE Runtime Environment (8.0_111-b14) (build 1.8.0_111-b14)
# Java VM: Java HotSpot(TM) 64-Bit Server VM (25.111-b14 mixed mode windows-amd64 compressed oops)
Heap:
 PSYoungGen      total 54784K, used 12637K [0x0000000782f00000, 0x0000000786c00000, 0x00000007c0000000)
  eden space 47104K, 10% used [0x0000000782f00000,0x00000007833d9c28,0x0000000785d00000)
  from space 7680K, 99% used [0x0000000785d00000,0x000000078647d848,0x0000000786480000)
  to   space 7680K, 0% used [0x0000000786480000,0x0000000786480000,0x0000000786c00000)
 ParOldGen       total 125952K, used 7280K [0x0000000708c00000, 0x0000000710700000, 0x0000000782f00000)
  object space 125952K, 5% used [0x0000000708c00000,0x000000070931c000,0x0000000710700000)
 Metaspace       used 10396K, capacity 10548K, committed 10752K, reserved 1058816K
  class space    used 1204K, capacity 1259K, committed 1280K, reserved 1048576K
GC Heap History (6 events):
Event: 6.256 GC heap before
{Heap before GC invocations=1 (full 0):
 PSYoungGen      total 54784K, used 47104K [0x0000000782f00000, 0x0000000786c00000, 0x00000007c0000000)
  eden space 47104K, 100% used [0x0000000782f00000,0x0000000785d00000,0x0000000785d00000)
  from space 7680K, 0% used [0x0000000786480000,0x0000000786480000,0x0000000786c00000)
  to   space 7680K, 0% used [0x0000000785d00000,0x0000000785d00000,0x0000000786480000)
 ParOldGen       total 125952K, used 0K [0x0000000708c00000, 0x0000000710700000, 0x0000000782f00000)
  object space 125952K, 0% used [0x0000000708c00000,0x0000000708c00000,0x0000000710700000)
 Metaspace       used 10232K, capacity 10420K, committed 10496K, reserved 1058816K
  class space    used 1198K, capacity 1259K, committed 1280K, reserved 1048576K
Event: 6.275 GC heap after
Heap after GC invocations=1 (full 0):
 PSYoungGen      total 54784K, used 7209K [0x0000000782f00000, 0x0000000786c00000, 0x00000007c0000000)
  eden space 47104K, 0% used [0x0000000782f00000,0x0000000782f00000,0x0000000785d00000)
  from space 7680K, 93% used [0x0000000785d00000,0x000000078640a790,0x0000000786480000)
  to   space 7680K, 0% used [0x0000000786480000,0x0000000786480000,0x0000000786c00000)
 ParOldGen       total 125952K, used 16K [0x0000000708c00000, 0x0000000710700000, 0x0000000782f00000)
  object space 125952K, 0% used [0x0000000708c00000,0x0000000708c04000,0x0000000710700000)
 Metaspace       used 10232K, capacity 10420K, committed 10496K, reserved 1058816K
  class space    used 1198K, capacity 1259K, committed 1280K, reserved 1048576K
}
Event: 9.510 GC heap before
{Heap before GC invocations=2 (full 0):
 PSYoungGen      total 54784K, used 54313K [0x0000000782f00000, 0x0000000786c00000, 0x00000007c0000000)
  eden space 47104K, 100% used [0x0000000782f00000,0x0000000785d00000,0x0000000785d00000)
  from space 7680K, 93% used [0x0000000785d00000,0x000000078640a790,0x0000000786480000)
  to   space 7680K, 0% used [0x0000000786480000,0x0000000786480000,0x0000000786c00000)
 ParOldGen       total 125952K, used 16K [0x0000000708c00000, 0x0000000710700000, 0x0000000782f00000)
  object space 125952K, 0% used [0x0000000708c00000,0x0000000708c04000,0x0000000710700000)
 Metaspace       used 10287K, capacity 10484K, committed 10752K, reserved 1058816K
  class space    used 1198K, capacity 1259K, committed 1280K, reserved 1048576K
Event: 9.564 GC heap after
Heap after GC invocations=2 (full 0):
 PSYoungGen      total 54784K, used 7658K [0x0000000782f00000, 0x0000000786c00000, 0x00000007c0000000)
  eden space 47104K, 0% used [0x0000000782f00000,0x0000000782f00000,0x0000000785d00000)
  from space 7680K, 99% used [0x0000000786480000,0x0000000786bfa808,0x0000000786c00000)
  to   space 7680K, 0% used [0x0000000785d00000,0x0000000785d00000,0x0000000786480000)
 ParOldGen       total 125952K, used 4000K [0x0000000708c00000, 0x0000000710700000, 0x0000000782f00000)
  object space 125952K, 3% used [0x0000000708c00000,0x0000000708fe8000,0x0000000710700000)
 Metaspace       used 10287K, capacity 10484K, committed 10752K, reserved 1058816K
  class space    used 1198K, capacity 1259K, committed 1280K, reserved 1048576K
}
Event: 13.266 GC heap before
{Heap before GC invocations=3 (full 0):
 PSYoungGen      total 54784K, used 54661K [0x0000000782f00000, 0x0000000786c00000, 0x00000007c0000000)
  eden space 47104K, 99% used [0x0000000782f00000,0x0000000785ce6e68,0x0000000785d00000)
  from space 7680K, 99% used [0x0000000786480000,0x0000000786bfa808,0x0000000786c00000)
  to   space 7680K, 0% used [0x0000000785d00000,0x0000000785d00000,0x0000000786480000)
 ParOldGen       total 125952K, used 4000K [0x0000000708c00000, 0x0000000710700000, 0x0000000782f00000)
  object space 125952K, 3% used [0x0000000708c00000,0x0000000708fe8000,0x0000000710700000)
 Metaspace       used 10384K, capacity 10548K, committed 10752K, reserved 1058816K
  class space    used 1202K, capacity 1259K, committed 1280K, reserved 1048576K
Event: 13.299 GC heap after
Heap after GC invocations=3 (full 0):
 PSYoungGen      total 54784K, used 7670K [0x0000000782f00000, 0x0000000786c00000, 0x00000007c0000000)
  eden space 47104K, 0% used [0x0000000782f00000,0x0000000782f00000,0x0000000785d00000)
  from space 7680K, 99% used [0x0000000785d00000,0x000000078647d848,0x0000000786480000)
  to   space 7680K, 0% used [0x0000000786480000,0x0000000786480000,0x0000000786c00000)
 ParOldGen       total 125952K, used 7280K [0x0000000708c00000, 0x0000000710700000, 0x0000000782f00000)
  object space 125952K, 5% used [0x0000000708c00000,0x000000070931c000,0x0000000710700000)
 Metaspace       used 10384K, capacity 10548K, committed 10752K, reserved 1058816K
  class space    used 1202K, capacity 1259K, committed 1280K, reserved 1048576K
}

