# JRE version: Java(TM) SE Runtime Environment (8.0_151-b12) (build 1.8.0_151-b12)
# Java VM: Java HotSpot(TM) Client VM (25.151-b12 mixed mode windows-x86 )
Heap:
 def new generation   total 19776K, used 9880K [0x06a00000, 0x07f70000, 0x0bf50000)
  eden space 17600K,  48% used [0x06a00000, 0x072663d8, 0x07b30000)
  from space 2176K,  58% used [0x07b30000, 0x07c6fda8, 0x07d50000)
  to   space 2176K,   0% used [0x07d50000, 0x07d50000, 0x07f70000)
 tenured generation   total 52828K, used 52355K [0x0bf50000, 0x0f2e7000, 0x16a00000)
   the space 52828K,  99% used [0x0bf50000, 0x0f270db8, 0x0f270e00, 0x0f2e7000)
 Metaspace       used 6368K, capacity 6540K, committed 6656K, reserved 7552K
GC Heap History (10 events):
Event: 51.535 GC heap before
{Heap before GC invocations=64 (full 1):
 def new generation   total 19776K, used 18621K [0x06a00000, 0x07f70000, 0x0bf50000)
  eden space 17600K,  98% used [0x06a00000, 0x07aefa88, 0x07b30000)
  from space 2176K,  58% used [0x07d50000, 0x07e8fc40, 0x07f70000)
  to   space 2176K,   0% used [0x07b30000, 0x07b30000, 0x07d50000)
 tenured generation   total 49212K, used 48753K [0x0bf50000, 0x0ef5f000, 0x16a00000)
   the space 49212K,  99% used [0x0bf50000, 0x0eeec480, 0x0eeec600, 0x0ef5f000)
 Metaspace       used 6363K, capacity 6540K, committed 6656K, reserved 7552K
Event: 51.537 GC heap after
Heap after GC invocations=65 (full 1):
 def new generation   total 19776K, used 1278K [0x06a00000, 0x07f70000, 0x0bf50000)
  eden space 17600K,   0% used [0x06a00000, 0x06a00000, 0x07b30000)
  from space 2176K,  58% used [0x07b30000, 0x07c6f9f0, 0x07d50000)
  to   space 2176K,   0% used [0x07d50000, 0x07d50000, 0x07f70000)
 tenured generation   total 49212K, used 48753K [0x0bf50000, 0x0ef5f000, 0x16a00000)
   the space 49212K,  99% used [0x0bf50000, 0x0eeec5e0, 0x0eeec600, 0x0ef5f000)
 Metaspace       used 6363K, capacity 6540K, committed 6656K, reserved 7552K
}
Event: 52.442 GC heap before
{Heap before GC invocations=65 (full 1):
 def new generation   total 19776K, used 18584K [0x06a00000, 0x07f70000, 0x0bf50000)
  eden space 17600K,  98% used [0x06a00000, 0x07ae6868, 0x07b30000)
  from space 2176K,  58% used [0x07b30000, 0x07c6f9f0, 0x07d50000)
  to   space 2176K,   0% used [0x07d50000, 0x07d50000, 0x07f70000)
 tenured generation   total 50116K, used 49653K [0x0bf50000, 0x0f041000, 0x16a00000)
   the space 50116K,  99% used [0x0bf50000, 0x0efcd5f0, 0x0efcd600, 0x0f041000)
 Metaspace       used 6363K, capacity 6540K, committed 6656K, reserved 7552K
Event: 52.443 GC heap after
Heap after GC invocations=66 (full 1):
 def new generation   total 19776K, used 1278K [0x06a00000, 0x07f70000, 0x0bf50000)
  eden space 17600K,   0% used [0x06a00000, 0x06a00000, 0x07b30000)
  from space 2176K,  58% used [0x07d50000, 0x07e8fb60, 0x07f70000)
  to   space 2176K,   0% used [0x07b30000, 0x07b30000, 0x07d50000)
 tenured generation   total 50116K, used 49653K [0x0bf50000, 0x0f041000, 0x16a00000)
   the space 50116K,  99% used [0x0bf50000, 0x0efcd750, 0x0efcd800, 0x0f041000)
 Metaspace       used 6363K, capacity 6540K, committed 6656K, reserved 7552K
}
Event: 53.433 GC heap before
{Heap before GC invocations=66 (full 1):
 def new generation   total 19776K, used 18638K [0x06a00000, 0x07f70000, 0x0bf50000)
  eden space 17600K,  98% used [0x06a00000, 0x07af3d90, 0x07b30000)
  from space 2176K,  58% used [0x07d50000, 0x07e8fb60, 0x07f70000)
  to   space 2176K,   0% used [0x07b30000, 0x07b30000, 0x07d50000)
 tenured generation   total 51020K, used 50553K [0x0bf50000, 0x0f123000, 0x16a00000)
   the space 51020K,  99% used [0x0bf50000, 0x0f0ae760, 0x0f0ae800, 0x0f123000)
 Metaspace       used 6363K, capacity 6540K, committed 6656K, reserved 7552K
Event: 53.434 GC heap after
Heap after GC invocations=67 (full 1):
 def new generation   total 19776K, used 1281K [0x06a00000, 0x07f70000, 0x0bf50000)
  eden space 17600K,   0% used [0x06a00000, 0x06a00000, 0x07b30000)
  from space 2176K,  58% used [0x07b30000, 0x07c704d8, 0x07d50000)
  to   space 2176K,   0% used [0x07d50000, 0x07d50000, 0x07f70000)
 tenured generation   total 51020K, used 50554K [0x0bf50000, 0x0f123000, 0x16a00000)
   the space 51020K,  99% used [0x0bf50000, 0x0f0ae8c0, 0x0f0aea00, 0x0f123000)
 Metaspace       used 6363K, capacity 6540K, committed 6656K, reserved 7552K
}
Event: 54.544 GC heap before
{Heap before GC invocations=67 (full 1):
 def new generation   total 19776K, used 18609K [0x06a00000, 0x07f70000, 0x0bf50000)
  eden space 17600K,  98% used [0x06a00000, 0x07aec288, 0x07b30000)
  from space 2176K,  58% used [0x07b30000, 0x07c704d8, 0x07d50000)
  to   space 2176K,   0% used [0x07d50000, 0x07d50000, 0x07f70000)
 tenured generation   total 51924K, used 51454K [0x0bf50000, 0x0f205000, 0x16a00000)
   the space 51924K,  99% used [0x0bf50000, 0x0f18f8d0, 0x0f18fa00, 0x0f205000)
 Metaspace       used 6363K, capacity 6540K, committed 6656K, reserved 7552K
Event: 54.546 GC heap after
Heap after GC invocations=68 (full 1):
 def new generation   total 19776K, used 1279K [0x06a00000, 0x07f70000, 0x0bf50000)
  eden space 17600K,   0% used [0x06a00000, 0x06a00000, 0x07b30000)
  from space 2176K,  58% used [0x07d50000, 0x07e8fd90, 0x07f70000)
  to   space 2176K,   0% used [0x07b30000, 0x07b30000, 0x07d50000)
 tenured generation   total 51924K, used 51454K [0x0bf50000, 0x0f205000, 0x16a00000)
   the space 51924K,  99% used [0x0bf50000, 0x0f18fa30, 0x0f18fc00, 0x0f205000)
 Metaspace       used 6363K, capacity 6540K, committed 6656K, reserved 7552K
}
Event: 55.719 GC heap before
{Heap before GC invocations=68 (full 1):
 def new generation   total 19776K, used 18679K [0x06a00000, 0x07f70000, 0x0bf50000)
  eden space 17600K,  98% used [0x06a00000, 0x07afe248, 0x07b30000)
  from space 2176K,  58% used [0x07d50000, 0x07e8fd90, 0x07f70000)
  to   space 2176K,   0% used [0x07b30000, 0x07b30000, 0x07d50000)
 tenured generation   total 52828K, used 52354K [0x0bf50000, 0x0f2e7000, 0x16a00000)
   the space 52828K,  99% used [0x0bf50000, 0x0f270a40, 0x0f270c00, 0x0f2e7000)
 Metaspace       used 6363K, capacity 6540K, committed 6656K, reserved 7552K
Event: 55.721 GC heap after
Heap after GC invocations=69 (full 1):
 def new generation   total 19776K, used 1279K [0x06a00000, 0x07f70000, 0x0bf50000)
  eden space 17600K,   0% used [0x06a00000, 0x06a00000, 0x07b30000)
  from space 2176K,  58% used [0x07b30000, 0x07c6fda8, 0x07d50000)
  to   space 2176K,   0% used [0x07d50000, 0x07d50000, 0x07f70000)
 tenured generation   total 52828K, used 52355K [0x0bf50000, 0x0f2e7000, 0x16a00000)
   the space 52828K,  99% used [0x0bf50000, 0x0f270db8, 0x0f270e00, 0x0f2e7000)
 Metaspace       used 6363K, capacity 6540K, committed 6656K, reserved 7552K
}

