# JRE version: Java(TM) SE Runtime Environment (8.0_111-b14) (build 1.8.0_111-b14)
# Java VM: Java HotSpot(TM) 64-Bit Server VM (25.111-b14 mixed mode windows-amd64 compressed oops)
Heap:
 PSYoungGen      total 51200K, used 26134K [0x0000000782f00000, 0x0000000786b00000, 0x00000007c0000000)
  eden space 46080K, 46% used [0x0000000782f00000,0x0000000784402028,0x0000000785c00000)
  from space 5120K, 90% used [0x0000000785d00000,0x0000000786183b18,0x0000000786200000)
  to   space 7680K, 0% used [0x0000000786380000,0x0000000786380000,0x0000000786b00000)
 ParOldGen       total 125952K, used 1070K [0x0000000708c00000, 0x0000000710700000, 0x0000000782f00000)
  object space 125952K, 0% used [0x0000000708c00000,0x0000000708d0b878,0x0000000710700000)
 Metaspace       used 10525K, capacity 10680K, committed 10752K, reserved 1058816K
  class space    used 1200K, capacity 1259K, committed 1280K, reserved 1048576K
GC Heap History (10 events):
Event: 5.477 GC heap before
{Heap before GC invocations=1 (full 0):
 PSYoungGen      total 54784K, used 46816K [0x0000000782f00000, 0x0000000786c00000, 0x00000007c0000000)
  eden space 47104K, 99% used [0x0000000782f00000,0x0000000785cb8080,0x0000000785d00000)
  from space 7680K, 0% used [0x0000000786480000,0x0000000786480000,0x0000000786c00000)
  to   space 7680K, 0% used [0x0000000785d00000,0x0000000785d00000,0x0000000786480000)
 ParOldGen       total 125952K, used 0K [0x0000000708c00000, 0x0000000710700000, 0x0000000782f00000)
  object space 125952K, 0% used [0x0000000708c00000,0x0000000708c00000,0x0000000710700000)
 Metaspace       used 10218K, capacity 10360K, committed 10496K, reserved 1058816K
  class space    used 1198K, capacity 1259K, committed 1280K, reserved 1048576K
Event: 5.485 GC heap after
Heap after GC invocations=1 (full 0):
 PSYoungGen      total 54784K, used 4784K [0x0000000782f00000, 0x0000000786c00000, 0x00000007c0000000)
  eden space 47104K, 0% used [0x0000000782f00000,0x0000000782f00000,0x0000000785d00000)
  from space 7680K, 62% used [0x0000000785d00000,0x00000007861ac258,0x0000000786480000)
  to   space 7680K, 0% used [0x0000000786480000,0x0000000786480000,0x0000000786c00000)
 ParOldGen       total 125952K, used 16K [0x0000000708c00000, 0x0000000710700000, 0x0000000782f00000)
  object space 125952K, 0% used [0x0000000708c00000,0x0000000708c04000,0x0000000710700000)
 Metaspace       used 10218K, capacity 10360K, committed 10496K, reserved 1058816K
  class space    used 1198K, capacity 1259K, committed 1280K, reserved 1048576K
}
Event: 9.438 GC heap before
{Heap before GC invocations=2 (full 0):
 PSYoungGen      total 54784K, used 51726K [0x0000000782f00000, 0x0000000786c00000, 0x00000007c0000000)
  eden space 47104K, 99% used [0x0000000782f00000,0x0000000785cd7650,0x0000000785d00000)
  from space 7680K, 62% used [0x0000000785d00000,0x00000007861ac258,0x0000000786480000)
  to   space 7680K, 0% used [0x0000000786480000,0x0000000786480000,0x0000000786c00000)
 ParOldGen       total 125952K, used 16K [0x0000000708c00000, 0x0000000710700000, 0x0000000782f00000)
  object space 125952K, 0% used [0x0000000708c00000,0x0000000708c04000,0x0000000710700000)
 Metaspace       used 10303K, capacity 10488K, committed 10752K, reserved 1058816K
  class space    used 1198K, capacity 1259K, committed 1280K, reserved 1048576K
Event: 9.444 GC heap after
Heap after GC invocations=2 (full 0):
 PSYoungGen      total 54784K, used 7306K [0x0000000782f00000, 0x0000000786c00000, 0x00000007c0000000)
  eden space 47104K, 0% used [0x0000000782f00000,0x0000000782f00000,0x0000000785d00000)
  from space 7680K, 95% used [0x0000000786480000,0x0000000786ba2860,0x0000000786c00000)
  to   space 7680K, 0% used [0x0000000785d00000,0x0000000785d00000,0x0000000786480000)
 ParOldGen       total 125952K, used 24K [0x0000000708c00000, 0x0000000710700000, 0x0000000782f00000)
  object space 125952K, 0% used [0x0000000708c00000,0x0000000708c06000,0x0000000710700000)
 Metaspace       used 10303K, capacity 10488K, committed 10752K, reserved 1058816K
  class space    used 1198K, capacity 1259K, committed 1280K, reserved 1048576K
}
Event: 13.707 GC heap before
{Heap before GC invocations=3 (full 0):
 PSYoungGen      total 54784K, used 54370K [0x0000000782f00000, 0x0000000786c00000, 0x00000007c0000000)
  eden space 47104K, 99% used [0x0000000782f00000,0x0000000785cf6108,0x0000000785d00000)
  from space 7680K, 95% used [0x0000000786480000,0x0000000786ba2860,0x0000000786c00000)
  to   space 7680K, 0% used [0x0000000785d00000,0x0000000785d00000,0x0000000786480000)
 ParOldGen       total 125952K, used 77K [0x0000000708c00000, 0x0000000710700000, 0x0000000782f00000)
  object space 125952K, 0% used [0x0000000708c00000,0x0000000708c136d8,0x0000000710700000)
 Metaspace       used 10358K, capacity 10552K, committed 10752K, reserved 1058816K
  class space    used 1198K, capacity 1259K, committed 1280K, reserved 1048576K
Event: 13.712 GC heap after
Heap after GC invocations=3 (full 0):
 PSYoungGen      total 54784K, used 4598K [0x0000000782f00000, 0x0000000786c00000, 0x00000007c0000000)
  eden space 47104K, 0% used [0x0000000782f00000,0x0000000782f00000,0x0000000785d00000)
  from space 7680K, 59% used [0x0000000785d00000,0x000000078617d868,0x0000000786480000)
  to   space 7680K, 0% used [0x0000000786480000,0x0000000786480000,0x0000000786c00000)
 ParOldGen       total 125952K, used 85K [0x0000000708c00000, 0x0000000710700000, 0x0000000782f00000)
  object space 125952K, 0% used [0x0000000708c00000,0x0000000708c156d8,0x0000000710700000)
 Metaspace       used 10358K, capacity 10552K, committed 10752K, reserved 1058816K
  class space    used 1198K, capacity 1259K, committed 1280K, reserved 1048576K
}
Event: 17.767 GC heap before
{Heap before GC invocations=4 (full 0):
 PSYoungGen      total 54784K, used 51702K [0x0000000782f00000, 0x0000000786c00000, 0x00000007c0000000)
  eden space 47104K, 100% used [0x0000000782f00000,0x0000000785d00000,0x0000000785d00000)
  from space 7680K, 59% used [0x0000000785d00000,0x000000078617d868,0x0000000786480000)
  to   space 7680K, 0% used [0x0000000786480000,0x0000000786480000,0x0000000786c00000)
 ParOldGen       total 125952K, used 754K [0x0000000708c00000, 0x0000000710700000, 0x0000000782f00000)
  object space 125952K, 0% used [0x0000000708c00000,0x0000000708cbc868,0x0000000710700000)
 Metaspace       used 10395K, capacity 10552K, committed 10752K, reserved 1058816K
  class space    used 1198K, capacity 1259K, committed 1280K, reserved 1048576K
Event: 17.772 GC heap after
Heap after GC invocations=4 (full 0):
 PSYoungGen      total 54784K, used 4250K [0x0000000782f00000, 0x0000000786c00000, 0x00000007c0000000)
  eden space 47104K, 0% used [0x0000000782f00000,0x0000000782f00000,0x0000000785d00000)
  from space 7680K, 55% used [0x0000000786480000,0x00000007868a6848,0x0000000786c00000)
  to   space 7680K, 0% used [0x0000000785d00000,0x0000000785d00000,0x0000000786480000)
 ParOldGen       total 125952K, used 762K [0x0000000708c00000, 0x0000000710700000, 0x0000000782f00000)
  object space 125952K, 0% used [0x0000000708c00000,0x0000000708cbe868,0x0000000710700000)
 Metaspace       used 10395K, capacity 10552K, committed 10752K, reserved 1058816K
  class space    used 1198K, capacity 1259K, committed 1280K, reserved 1048576K
}
Event: 21.943 GC heap before
{Heap before GC invocations=5 (full 0):
 PSYoungGen      total 54784K, used 51354K [0x0000000782f00000, 0x0000000786c00000, 0x00000007c0000000)
  eden space 47104K, 100% used [0x0000000782f00000,0x0000000785d00000,0x0000000785d00000)
  from space 7680K, 55% used [0x0000000786480000,0x00000007868a6848,0x0000000786c00000)
  to   space 7680K, 0% used [0x0000000785d00000,0x0000000785d00000,0x0000000786480000)
 ParOldGen       total 125952K, used 1062K [0x0000000708c00000, 0x0000000710700000, 0x0000000782f00000)
  object space 125952K, 0% used [0x0000000708c00000,0x0000000708d09878,0x0000000710700000)
 Metaspace       used 10474K, capacity 10616K, committed 10752K, reserved 1058816K
  class space    used 1198K, capacity 1259K, committed 1280K, reserved 1048576K
Event: 21.949 GC heap after
Heap after GC invocations=5 (full 0):
 PSYoungGen      total 51200K, used 4622K [0x0000000782f00000, 0x0000000786b00000, 0x00000007c0000000)
  eden space 46080K, 0% used [0x0000000782f00000,0x0000000782f00000,0x0000000785c00000)
  from space 5120K, 90% used [0x0000000785d00000,0x0000000786183b18,0x0000000786200000)
  to   space 7680K, 0% used [0x0000000786380000,0x0000000786380000,0x0000000786b00000)
 ParOldGen       total 125952K, used 1070K [0x0000000708c00000, 0x0000000710700000, 0x0000000782f00000)
  object space 125952K, 0% used [0x0000000708c00000,0x0000000708d0b878,0x0000000710700000)
 Metaspace       used 10474K, capacity 10616K, committed 10752K, reserved 1058816K
  class space    used 1198K, capacity 1259K, committed 1280K, reserved 1048576K
}

