# JRE version: Java(TM) SE Runtime Environment (8.0_111-b14) (build 1.8.0_111-b14)
# Java VM: Java HotSpot(TM) 64-Bit Server VM (25.111-b14 mixed mode windows-amd64 compressed oops)
Heap:
 PSYoungGen      total 42496K, used 14049K [0x0000000782f00000, 0x0000000786500000, 0x00000007c0000000)
  eden space 41984K, 32% used [0x0000000782f00000,0x0000000783c78648,0x0000000785800000)
  from space 512K, 50% used [0x0000000785900000,0x0000000785940000,0x0000000785980000)
  to   space 6656K, 0% used [0x0000000785e80000,0x0000000785e80000,0x0000000786500000)
 ParOldGen       total 125952K, used 10178K [0x0000000708c00000, 0x0000000710700000, 0x0000000782f00000)
  object space 125952K, 8% used [0x0000000708c00000,0x00000007095f0818,0x0000000710700000)
 Metaspace       used 10476K, capacity 10616K, committed 10752K, reserved 1058816K
  class space    used 1201K, capacity 1259K, committed 1280K, reserved 1048576K
GC Heap History (10 events):
Event: 24.029 GC heap before
{Heap before GC invocations=5 (full 0):
 PSYoungGen      total 54784K, used 51751K [0x0000000782f00000, 0x0000000786c00000, 0x00000007c0000000)
  eden space 47104K, 100% used [0x0000000782f00000,0x0000000785d00000,0x0000000785d00000)
  from space 7680K, 60% used [0x0000000786480000,0x0000000786909dc8,0x0000000786c00000)
  to   space 7680K, 0% used [0x0000000785d00000,0x0000000785d00000,0x0000000786480000)
 ParOldGen       total 125952K, used 3650K [0x0000000708c00000, 0x0000000710700000, 0x0000000782f00000)
  object space 125952K, 2% used [0x0000000708c00000,0x0000000708f90bd0,0x0000000710700000)
 Metaspace       used 10431K, capacity 10612K, committed 10752K, reserved 1058816K
  class space    used 1199K, capacity 1259K, committed 1280K, reserved 1048576K
Event: 24.034 GC heap after
Heap after GC invocations=5 (full 0):
 PSYoungGen      total 50688K, used 4298K [0x0000000782f00000, 0x0000000786600000, 0x00000007c0000000)
  eden space 46080K, 0% used [0x0000000782f00000,0x0000000782f00000,0x0000000785c00000)
  from space 4608K, 93% used [0x0000000785d00000,0x0000000786132838,0x0000000786180000)
  to   space 4608K, 0% used [0x0000000786180000,0x0000000786180000,0x0000000786600000)
 ParOldGen       total 125952K, used 3658K [0x0000000708c00000, 0x0000000710700000, 0x0000000782f00000)
  object space 125952K, 2% used [0x0000000708c00000,0x0000000708f92bd0,0x0000000710700000)
 Metaspace       used 10431K, capacity 10612K, committed 10752K, reserved 1058816K
  class space    used 1199K, capacity 1259K, committed 1280K, reserved 1048576K
}
Event: 28.140 GC heap before
{Heap before GC invocations=6 (full 0):
 PSYoungGen      total 50688K, used 50378K [0x0000000782f00000, 0x0000000786600000, 0x00000007c0000000)
  eden space 46080K, 100% used [0x0000000782f00000,0x0000000785c00000,0x0000000785c00000)
  from space 4608K, 93% used [0x0000000785d00000,0x0000000786132838,0x0000000786180000)
  to   space 4608K, 0% used [0x0000000786180000,0x0000000786180000,0x0000000786600000)
 ParOldGen       total 125952K, used 3958K [0x0000000708c00000, 0x0000000710700000, 0x0000000782f00000)
  object space 125952K, 3% used [0x0000000708c00000,0x0000000708fddbe0,0x0000000710700000)
 Metaspace       used 10441K, capacity 10612K, committed 10752K, reserved 1058816K
  class space    used 1199K, capacity 1259K, committed 1280K, reserved 1048576K
Event: 28.146 GC heap after
Heap after GC invocations=6 (full 0):
 PSYoungGen      total 49664K, used 4598K [0x0000000782f00000, 0x0000000786600000, 0x00000007c0000000)
  eden space 45056K, 0% used [0x0000000782f00000,0x0000000782f00000,0x0000000785b00000)
  from space 4608K, 99% used [0x0000000786180000,0x00000007865fd848,0x0000000786600000)
  to   space 5120K, 0% used [0x0000000785c00000,0x0000000785c00000,0x0000000786100000)
 ParOldGen       total 125952K, used 4006K [0x0000000708c00000, 0x0000000710700000, 0x0000000782f00000)
  object space 125952K, 3% used [0x0000000708c00000,0x0000000708fe9be0,0x0000000710700000)
 Metaspace       used 10441K, capacity 10612K, committed 10752K, reserved 1058816K
  class space    used 1199K, capacity 1259K, committed 1280K, reserved 1048576K
}
Event: 32.429 GC heap before
{Heap before GC invocations=7 (full 0):
 PSYoungGen      total 49664K, used 49654K [0x0000000782f00000, 0x0000000786600000, 0x00000007c0000000)
  eden space 45056K, 100% used [0x0000000782f00000,0x0000000785b00000,0x0000000785b00000)
  from space 4608K, 99% used [0x0000000786180000,0x00000007865fd848,0x0000000786600000)
  to   space 5120K, 0% used [0x0000000785c00000,0x0000000785c00000,0x0000000786100000)
 ParOldGen       total 125952K, used 4911K [0x0000000708c00000, 0x0000000710700000, 0x0000000782f00000)
  object space 125952K, 3% used [0x0000000708c00000,0x00000007090cbc38,0x0000000710700000)
 Metaspace       used 10445K, capacity 10612K, committed 10752K, reserved 1058816K
  class space    used 1199K, capacity 1259K, committed 1280K, reserved 1048576K
Event: 32.436 GC heap after
Heap after GC invocations=7 (full 0):
 PSYoungGen      total 44544K, used 320K [0x0000000782f00000, 0x0000000786600000, 0x00000007c0000000)
  eden space 44032K, 0% used [0x0000000782f00000,0x0000000782f00000,0x0000000785a00000)
  from space 512K, 62% used [0x0000000785c00000,0x0000000785c50000,0x0000000785c80000)
  to   space 6144K, 0% used [0x0000000786000000,0x0000000786000000,0x0000000786600000)
 ParOldGen       total 125952K, used 8918K [0x0000000708c00000, 0x0000000710700000, 0x0000000782f00000)
  object space 125952K, 7% used [0x0000000708c00000,0x00000007094b5808,0x0000000710700000)
 Metaspace       used 10445K, capacity 10612K, committed 10752K, reserved 1058816K
  class space    used 1199K, capacity 1259K, committed 1280K, reserved 1048576K
}
Event: 36.510 GC heap before
{Heap before GC invocations=8 (full 0):
 PSYoungGen      total 44544K, used 44352K [0x0000000782f00000, 0x0000000786600000, 0x00000007c0000000)
  eden space 44032K, 100% used [0x0000000782f00000,0x0000000785a00000,0x0000000785a00000)
  from space 512K, 62% used [0x0000000785c00000,0x0000000785c50000,0x0000000785c80000)
  to   space 6144K, 0% used [0x0000000786000000,0x0000000786000000,0x0000000786600000)
 ParOldGen       total 125952K, used 9218K [0x0000000708c00000, 0x0000000710700000, 0x0000000782f00000)
  object space 125952K, 7% used [0x0000000708c00000,0x0000000709500818,0x0000000710700000)
 Metaspace       used 10455K, capacity 10612K, committed 10752K, reserved 1058816K
  class space    used 1199K, capacity 1259K, committed 1280K, reserved 1048576K
Event: 36.512 GC heap after
Heap after GC invocations=8 (full 0):
 PSYoungGen      total 49152K, used 915K [0x0000000782f00000, 0x0000000786600000, 0x00000007c0000000)
  eden space 43008K, 0% used [0x0000000782f00000,0x0000000782f00000,0x0000000785900000)
  from space 6144K, 14% used [0x0000000786000000,0x00000007860e4e18,0x0000000786600000)
  to   space 6656K, 0% used [0x0000000785900000,0x0000000785900000,0x0000000785f80000)
 ParOldGen       total 125952K, used 9250K [0x0000000708c00000, 0x0000000710700000, 0x0000000782f00000)
  object space 125952K, 7% used [0x0000000708c00000,0x0000000709508818,0x0000000710700000)
 Metaspace       used 10455K, capacity 10612K, committed 10752K, reserved 1058816K
  class space    used 1199K, capacity 1259K, committed 1280K, reserved 1048576K
}
Event: 40.528 GC heap before
{Heap before GC invocations=9 (full 0):
 PSYoungGen      total 49152K, used 43923K [0x0000000782f00000, 0x0000000786600000, 0x00000007c0000000)
  eden space 43008K, 100% used [0x0000000782f00000,0x0000000785900000,0x0000000785900000)
  from space 6144K, 14% used [0x0000000786000000,0x00000007860e4e18,0x0000000786600000)
  to   space 6656K, 0% used [0x0000000785900000,0x0000000785900000,0x0000000785f80000)
 ParOldGen       total 125952K, used 10154K [0x0000000708c00000, 0x0000000710700000, 0x0000000782f00000)
  object space 125952K, 8% used [0x0000000708c00000,0x00000007095ea818,0x0000000710700000)
 Metaspace       used 10465K, capacity 10616K, committed 10752K, reserved 1058816K
  class space    used 1199K, capacity 1259K, committed 1280K, reserved 1048576K
Event: 40.531 GC heap after
Heap after GC invocations=9 (full 0):
 PSYoungGen      total 42496K, used 256K [0x0000000782f00000, 0x0000000786500000, 0x00000007c0000000)
  eden space 41984K, 0% used [0x0000000782f00000,0x0000000782f00000,0x0000000785800000)
  from space 512K, 50% used [0x0000000785900000,0x0000000785940000,0x0000000785980000)
  to   space 6656K, 0% used [0x0000000785e80000,0x0000000785e80000,0x0000000786500000)
 ParOldGen       total 125952K, used 10178K [0x0000000708c00000, 0x0000000710700000, 0x0000000782f00000)
  object space 125952K, 8% used [0x0000000708c00000,0x00000007095f0818,0x0000000710700000)
 Metaspace       used 10465K, capacity 10616K, committed 10752K, reserved 1058816K
  class space    used 1199K, capacity 1259K, committed 1280K, reserved 1048576K
}

