# JRE version: Java(TM) SE Runtime Environment (8.0_151-b12) (build 1.8.0_151-b12)
# Java VM: Java HotSpot(TM) Client VM (25.151-b12 mixed mode windows-x86 )
Heap:
 def new generation   total 27392K, used 19251K [0x06800000, 0x085b0000, 0x0bd50000)
  eden space 24384K,  69% used [0x06800000, 0x078a9f70, 0x07fd0000)
  from space 3008K,  72% used [0x07fd0000, 0x081f2fb8, 0x082c0000)
  to   space 3008K,   0% used [0x082c0000, 0x082c0000, 0x085b0000)
 tenured generation   total 60696K, used 18632K [0x0bd50000, 0x0f896000, 0x16800000)
   the space 60696K,  30% used [0x0bd50000, 0x0cf821d0, 0x0cf82200, 0x0f896000)
 Metaspace       used 6356K, capacity 6527K, committed 6656K, reserved 7552K
GC Heap History (10 events):
Event: 108.092 GC heap before
{Heap before GC invocations=146 (full 6):
 def new generation   total 27392K, used 26215K [0x06800000, 0x085b0000, 0x0bd50000)
  eden space 24384K,  97% used [0x06800000, 0x07f343a8, 0x07fd0000)
  from space 3008K,  81% used [0x082c0000, 0x08525ba0, 0x085b0000)
  to   space 3008K,   0% used [0x07fd0000, 0x07fd0000, 0x082c0000)
 tenured generation   total 60696K, used 18630K [0x0bd50000, 0x0f896000, 0x16800000)
   the space 60696K,  30% used [0x0bd50000, 0x0cf81bb8, 0x0cf81c00, 0x0f896000)
 Metaspace       used 6346K, capacity 6527K, committed 6656K, reserved 7552K
Event: 108.094 GC heap after
Heap after GC invocations=147 (full 6):
 def new generation   total 27392K, used 2186K [0x06800000, 0x085b0000, 0x0bd50000)
  eden space 24384K,   0% used [0x06800000, 0x06800000, 0x07fd0000)
  from space 3008K,  72% used [0x07fd0000, 0x081f28b8, 0x082c0000)
  to   space 3008K,   0% used [0x082c0000, 0x082c0000, 0x085b0000)
 tenured generation   total 60696K, used 18631K [0x0bd50000, 0x0f896000, 0x16800000)
   the space 60696K,  30% used [0x0bd50000, 0x0cf81d48, 0x0cf81e00, 0x0f896000)
 Metaspace       used 6346K, capacity 6527K, committed 6656K, reserved 7552K
}
Event: 109.548 GC heap before
{Heap before GC invocations=147 (full 6):
 def new generation   total 27392K, used 26714K [0x06800000, 0x085b0000, 0x0bd50000)
  eden space 24384K,  99% used [0x06800000, 0x07fa9110, 0x07fd0000)
  from space 3008K,  82% used [0x07fd0000, 0x0823d8c8, 0x082c0000)
  to   space 3008K,   0% used [0x082c0000, 0x082c0000, 0x085b0000)
 tenured generation   total 60696K, used 18631K [0x0bd50000, 0x0f896000, 0x16800000)
   the space 60696K,  30% used [0x0bd50000, 0x0cf81d48, 0x0cf81e00, 0x0f896000)
 Metaspace       used 6346K, capacity 6527K, committed 6656K, reserved 7552K
Event: 109.549 GC heap after
Heap after GC invocations=148 (full 6):
 def new generation   total 27392K, used 1558K [0x06800000, 0x085b0000, 0x0bd50000)
  eden space 24384K,   0% used [0x06800000, 0x06800000, 0x07fd0000)
  from space 3008K,  51% used [0x082c0000, 0x08445800, 0x085b0000)
  to   space 3008K,   0% used [0x07fd0000, 0x07fd0000, 0x082c0000)
 tenured generation   total 60696K, used 18631K [0x0bd50000, 0x0f896000, 0x16800000)
   the space 60696K,  30% used [0x0bd50000, 0x0cf81ee0, 0x0cf82000, 0x0f896000)
 Metaspace       used 6346K, capacity 6527K, committed 6656K, reserved 7552K
}
Event: 110.930 GC heap before
{Heap before GC invocations=148 (full 6):
 def new generation   total 27392K, used 26269K [0x06800000, 0x085b0000, 0x0bd50000)
  eden space 24384K,  97% used [0x06800000, 0x07f40cb0, 0x07fd0000)
  from space 3008K,  81% used [0x082c0000, 0x08526810, 0x085b0000)
  to   space 3008K,   0% used [0x07fd0000, 0x07fd0000, 0x082c0000)
 tenured generation   total 60696K, used 18631K [0x0bd50000, 0x0f896000, 0x16800000)
   the space 60696K,  30% used [0x0bd50000, 0x0cf81ee0, 0x0cf82000, 0x0f896000)
 Metaspace       used 6346K, capacity 6527K, committed 6656K, reserved 7552K
Event: 110.932 GC heap after
Heap after GC invocations=149 (full 6):
 def new generation   total 27392K, used 2186K [0x06800000, 0x085b0000, 0x0bd50000)
  eden space 24384K,   0% used [0x06800000, 0x06800000, 0x07fd0000)
  from space 3008K,  72% used [0x07fd0000, 0x081f2968, 0x082c0000)
  to   space 3008K,   0% used [0x082c0000, 0x082c0000, 0x085b0000)
 tenured generation   total 60696K, used 18632K [0x0bd50000, 0x0f896000, 0x16800000)
   the space 60696K,  30% used [0x0bd50000, 0x0cf82070, 0x0cf82200, 0x0f896000)
 Metaspace       used 6346K, capacity 6527K, committed 6656K, reserved 7552K
}
Event: 112.436 GC heap before
{Heap before GC invocations=149 (full 6):
 def new generation   total 27392K, used 26457K [0x06800000, 0x085b0000, 0x0bd50000)
  eden space 24384K,  99% used [0x06800000, 0x07fb3da8, 0x07fd0000)
  from space 3008K,  72% used [0x07fd0000, 0x081f2968, 0x082c0000)
  to   space 3008K,   0% used [0x082c0000, 0x082c0000, 0x085b0000)
 tenured generation   total 60696K, used 18632K [0x0bd50000, 0x0f896000, 0x16800000)
   the space 60696K,  30% used [0x0bd50000, 0x0cf82070, 0x0cf82200, 0x0f896000)
 Metaspace       used 6346K, capacity 6527K, committed 6656K, reserved 7552K
Event: 112.437 GC heap after
Heap after GC invocations=150 (full 6):
 def new generation   total 27392K, used 1254K [0x06800000, 0x085b0000, 0x0bd50000)
  eden space 24384K,   0% used [0x06800000, 0x06800000, 0x07fd0000)
  from space 3008K,  41% used [0x082c0000, 0x083f9908, 0x085b0000)
  to   space 3008K,   0% used [0x07fd0000, 0x07fd0000, 0x082c0000)
 tenured generation   total 60696K, used 18632K [0x0bd50000, 0x0f896000, 0x16800000)
   the space 60696K,  30% used [0x0bd50000, 0x0cf821d0, 0x0cf82200, 0x0f896000)
 Metaspace       used 6346K, capacity 6527K, committed 6656K, reserved 7552K
}
Event: 114.016 GC heap before
{Heap before GC invocations=150 (full 6):
 def new generation   total 27392K, used 26185K [0x06800000, 0x085b0000, 0x0bd50000)
  eden space 24384K,  98% used [0x06800000, 0x07f77d10, 0x07fd0000)
  from space 3008K,  71% used [0x082c0000, 0x084da918, 0x085b0000)
  to   space 3008K,   0% used [0x07fd0000, 0x07fd0000, 0x082c0000)
 tenured generation   total 60696K, used 18632K [0x0bd50000, 0x0f896000, 0x16800000)
   the space 60696K,  30% used [0x0bd50000, 0x0cf821d0, 0x0cf82200, 0x0f896000)
 Metaspace       used 6349K, capacity 6527K, committed 6656K, reserved 7552K
Event: 114.018 GC heap after
Heap after GC invocations=151 (full 6):
 def new generation   total 27392K, used 2187K [0x06800000, 0x085b0000, 0x0bd50000)
  eden space 24384K,   0% used [0x06800000, 0x06800000, 0x07fd0000)
  from space 3008K,  72% used [0x07fd0000, 0x081f2fb8, 0x082c0000)
  to   space 3008K,   0% used [0x082c0000, 0x082c0000, 0x085b0000)
 tenured generation   total 60696K, used 18632K [0x0bd50000, 0x0f896000, 0x16800000)
   the space 60696K,  30% used [0x0bd50000, 0x0cf821d0, 0x0cf82200, 0x0f896000)
 Metaspace       used 6349K, capacity 6527K, committed 6656K, reserved 7552K
}

