# JRE version: Java(TM) SE Runtime Environment (8.0_151-b12) (build 1.8.0_151-b12)
# Java VM: Java HotSpot(TM) Client VM (25.151-b12 mixed mode windows-x86 )
Heap:
 def new generation   total 18816K, used 8956K [0x07000000, 0x08460000, 0x0c550000)
  eden space 16768K,  44% used [0x07000000, 0x077395a8, 0x08060000)
  from space 2048K,  76% used [0x08260000, 0x083e5e40, 0x08460000)
  to   space 2048K,   0% used [0x08060000, 0x08060000, 0x08260000)
 tenured generation   total 41684K, used 12732K [0x0c550000, 0x0ee05000, 0x17000000)
   the space 41684K,  30% used [0x0c550000, 0x0d1bf118, 0x0d1bf200, 0x0ee05000)
 Metaspace       used 6373K, capacity 6559K, committed 6656K, reserved 7552K
GC Heap History (10 events):
Event: 44.228 GC heap before
{Heap before GC invocations=91 (full 4):
 def new generation   total 12992K, used 12845K [0x07000000, 0x07e10000, 0x0c550000)
  eden space 11584K, 100% used [0x07000000, 0x07b50000, 0x07b50000)
  from space 1408K,  89% used [0x07b50000, 0x07c8b7d8, 0x07cb0000)
  to   space 1408K,   0% used [0x07cb0000, 0x07cb0000, 0x07e10000)
 tenured generation   total 41684K, used 41428K [0x0c550000, 0x0ee05000, 0x17000000)
   the space 41684K,  99% used [0x0c550000, 0x0edc51d8, 0x0edc5200, 0x0ee05000)
 Metaspace       used 6373K, capacity 6540K, committed 6656K, reserved 7552K
Event: 44.229 GC heap after
Heap after GC invocations=92 (full 4):
 def new generation   total 12992K, used 1258K [0x07000000, 0x07e10000, 0x0c550000)
  eden space 11584K,   0% used [0x07000000, 0x07000000, 0x07b50000)
  from space 1408K,  89% used [0x07cb0000, 0x07dea868, 0x07e10000)
  to   space 1408K,   0% used [0x07b50000, 0x07b50000, 0x07cb0000)
 tenured generation   total 41684K, used 41428K [0x0c550000, 0x0ee05000, 0x17000000)
   the space 41684K,  99% used [0x0c550000, 0x0edc5368, 0x0edc5400, 0x0ee05000)
 Metaspace       used 6373K, capacity 6540K, committed 6656K, reserved 7552K
}
Event: 44.748 GC heap before
{Heap before GC invocations=92 (full 4):
 def new generation   total 12992K, used 12842K [0x07000000, 0x07e10000, 0x0c550000)
  eden space 11584K, 100% used [0x07000000, 0x07b50000, 0x07b50000)
  from space 1408K,  89% used [0x07cb0000, 0x07dea868, 0x07e10000)
  to   space 1408K,   0% used [0x07b50000, 0x07b50000, 0x07cb0000)
 tenured generation   total 41684K, used 41428K [0x0c550000, 0x0ee05000, 0x17000000)
   the space 41684K,  99% used [0x0c550000, 0x0edc5368, 0x0edc5400, 0x0ee05000)
 Metaspace       used 6373K, capacity 6540K, committed 6656K, reserved 7552K
Event: 44.760 GC heap after
Heap after GC invocations=93 (full 5):
 def new generation   total 18816K, used 0K [0x07000000, 0x08460000, 0x0c550000)
  eden space 16768K,   0% used [0x07000000, 0x07000000, 0x08060000)
  from space 2048K,   0% used [0x08060000, 0x08060000, 0x08260000)
  to   space 2048K,   0% used [0x08260000, 0x08260000, 0x08460000)
 tenured generation   total 41684K, used 12731K [0x0c550000, 0x0ee05000, 0x17000000)
   the space 41684K,  30% used [0x0c550000, 0x0d1bee10, 0x0d1bf000, 0x0ee05000)
 Metaspace       used 6368K, capacity 6527K, committed 6656K, reserved 7552K
}
Event: 45.630 GC heap before
{Heap before GC invocations=93 (full 5):
 def new generation   total 18816K, used 17000K [0x07000000, 0x08460000, 0x0c550000)
  eden space 16768K,  99% used [0x07000000, 0x0804f3b8, 0x08060000)
  from space 2048K,  14% used [0x08060000, 0x080ab010, 0x08260000)
  to   space 2048K,   0% used [0x08260000, 0x08260000, 0x08460000)
 tenured generation   total 41684K, used 12731K [0x0c550000, 0x0ee05000, 0x17000000)
   the space 41684K,  30% used [0x0c550000, 0x0d1bee10, 0x0d1bf000, 0x0ee05000)
 Metaspace       used 6368K, capacity 6527K, committed 6656K, reserved 7552K
Event: 45.632 GC heap after
Heap after GC invocations=94 (full 5):
 def new generation   total 18816K, used 1562K [0x07000000, 0x08460000, 0x0c550000)
  eden space 16768K,   0% used [0x07000000, 0x07000000, 0x08060000)
  from space 2048K,  76% used [0x08260000, 0x083e6b50, 0x08460000)
  to   space 2048K,   0% used [0x08060000, 0x08060000, 0x08260000)
 tenured generation   total 41684K, used 12731K [0x0c550000, 0x0ee05000, 0x17000000)
   the space 41684K,  30% used [0x0c550000, 0x0d1bee10, 0x0d1bf000, 0x0ee05000)
 Metaspace       used 6368K, capacity 6527K, committed 6656K, reserved 7552K
}
Event: 46.488 GC heap before
{Heap before GC invocations=94 (full 5):
 def new generation   total 18816K, used 18330K [0x07000000, 0x08460000, 0x0c550000)
  eden space 16768K, 100% used [0x07000000, 0x08060000, 0x08060000)
  from space 2048K,  76% used [0x08260000, 0x083e6b50, 0x08460000)
  to   space 2048K,   0% used [0x08060000, 0x08060000, 0x08260000)
 tenured generation   total 41684K, used 12731K [0x0c550000, 0x0ee05000, 0x17000000)
   the space 41684K,  30% used [0x0c550000, 0x0d1bee10, 0x0d1bf000, 0x0ee05000)
 Metaspace       used 6368K, capacity 6527K, committed 6656K, reserved 7552K
Event: 46.489 GC heap after
Heap after GC invocations=95 (full 5):
 def new generation   total 18816K, used 1207K [0x07000000, 0x08460000, 0x0c550000)
  eden space 16768K,   0% used [0x07000000, 0x07000000, 0x08060000)
  from space 2048K,  58% used [0x08060000, 0x0818dee8, 0x08260000)
  to   space 2048K,   0% used [0x08260000, 0x08260000, 0x08460000)
 tenured generation   total 41684K, used 12732K [0x0c550000, 0x0ee05000, 0x17000000)
   the space 41684K,  30% used [0x0c550000, 0x0d1bf048, 0x0d1bf200, 0x0ee05000)
 Metaspace       used 6368K, capacity 6527K, committed 6656K, reserved 7552K
}
Event: 47.314 GC heap before
{Heap before GC invocations=95 (full 5):
 def new generation   total 18816K, used 17976K [0x07000000, 0x08460000, 0x0c550000)
  eden space 16768K, 100% used [0x07000000, 0x08060000, 0x08060000)
  from space 2048K,  58% used [0x08060000, 0x0818e030, 0x08260000)
  to   space 2048K,   0% used [0x08260000, 0x08260000, 0x08460000)
 tenured generation   total 41684K, used 12732K [0x0c550000, 0x0ee05000, 0x17000000)
   the space 41684K,  30% used [0x0c550000, 0x0d1bf048, 0x0d1bf200, 0x0ee05000)
 Metaspace       used 6368K, capacity 6527K, committed 6656K, reserved 7552K
Event: 47.315 GC heap after
Heap after GC invocations=96 (full 5):
 def new generation   total 18816K, used 1559K [0x07000000, 0x08460000, 0x0c550000)
  eden space 16768K,   0% used [0x07000000, 0x07000000, 0x08060000)
  from space 2048K,  76% used [0x08260000, 0x083e5e40, 0x08460000)
  to   space 2048K,   0% used [0x08060000, 0x08060000, 0x08260000)
 tenured generation   total 41684K, used 12732K [0x0c550000, 0x0ee05000, 0x17000000)
   the space 41684K,  30% used [0x0c550000, 0x0d1bf118, 0x0d1bf200, 0x0ee05000)
 Metaspace       used 6368K, capacity 6527K, committed 6656K, reserved 7552K
}

