# JRE version: Java(TM) SE Runtime Environment (8.0_111-b14) (build 1.8.0_111-b14)
# Java VM: Java HotSpot(TM) 64-Bit Server VM (25.111-b14 mixed mode windows-amd64 compressed oops)
Heap:
 PSYoungGen      total 36864K, used 8764K [0x0000000782f00000, 0x0000000785880000, 0x00000007c0000000)
  eden space 33280K, 24% used [0x0000000782f00000,0x00000007836fc858,0x0000000784f80000)
  from space 3584K, 16% used [0x0000000785500000,0x00000007855927d8,0x0000000785880000)
  to   space 4608K, 0% used [0x0000000784f80000,0x0000000784f80000,0x0000000785400000)
 ParOldGen       total 125952K, used 10965K [0x0000000708c00000, 0x0000000710700000, 0x0000000782f00000)
  object space 125952K, 8% used [0x0000000708c00000,0x00000007096b5420,0x0000000710700000)
 Metaspace       used 10516K, capacity 10708K, committed 10880K, reserved 1058816K
  class space    used 1219K, capacity 1291K, committed 1408K, reserved 1048576K
GC Heap History (10 events):
Event: 82.038 GC heap before
{Heap before GC invocations=22 (full 0):
 PSYoungGen      total 36864K, used 36765K [0x0000000782f00000, 0x0000000785e00000, 0x00000007c0000000)
  eden space 35840K, 100% used [0x0000000782f00000,0x0000000785200000,0x0000000785200000)
  from space 1024K, 90% used [0x0000000785280000,0x00000007853675f0,0x0000000785380000)
  to   space 6144K, 0% used [0x0000000785800000,0x0000000785800000,0x0000000785e00000)
 ParOldGen       total 125952K, used 9340K [0x0000000708c00000, 0x0000000710700000, 0x0000000782f00000)
  object space 125952K, 7% used [0x0000000708c00000,0x000000070951f3d0,0x0000000710700000)
 Metaspace       used 10497K, capacity 10644K, committed 10880K, reserved 1058816K
  class space    used 1217K, capacity 1291K, committed 1408K, reserved 1048576K
Event: 82.058 GC heap after
Heap after GC invocations=22 (full 0):
 PSYoungGen      total 39936K, used 1026K [0x0000000782f00000, 0x0000000785c80000, 0x00000007c0000000)
  eden space 35328K, 0% used [0x0000000782f00000,0x0000000782f00000,0x0000000785180000)
  from space 4608K, 22% used [0x0000000785800000,0x0000000785900860,0x0000000785c80000)
  to   space 5632K, 0% used [0x0000000785180000,0x0000000785180000,0x0000000785700000)
 ParOldGen       total 125952K, used 9372K [0x0000000708c00000, 0x0000000710700000, 0x0000000782f00000)
  object space 125952K, 7% used [0x0000000708c00000,0x00000007095273d0,0x0000000710700000)
 Metaspace       used 10497K, capacity 10644K, committed 10880K, reserved 1058816K
  class space    used 1217K, capacity 1291K, committed 1408K, reserved 1048576K
}
Event: 86.007 GC heap before
{Heap before GC invocations=23 (full 0):
 PSYoungGen      total 39936K, used 36354K [0x0000000782f00000, 0x0000000785c80000, 0x00000007c0000000)
  eden space 35328K, 100% used [0x0000000782f00000,0x0000000785180000,0x0000000785180000)
  from space 4608K, 22% used [0x0000000785800000,0x0000000785900860,0x0000000785c80000)
  to   space 5632K, 0% used [0x0000000785180000,0x0000000785180000,0x0000000785700000)
 ParOldGen       total 125952K, used 9372K [0x0000000708c00000, 0x0000000710700000, 0x0000000782f00000)
  object space 125952K, 7% used [0x0000000708c00000,0x00000007095273d0,0x0000000710700000)
 Metaspace       used 10497K, capacity 10644K, committed 10880K, reserved 1058816K
  class space    used 1217K, capacity 1291K, committed 1408K, reserved 1048576K
Event: 86.009 GC heap after
Heap after GC invocations=23 (full 0):
 PSYoungGen      total 35840K, used 907K [0x0000000782f00000, 0x0000000785c00000, 0x00000007c0000000)
  eden space 34816K, 0% used [0x0000000782f00000,0x0000000782f00000,0x0000000785100000)
  from space 1024K, 88% used [0x0000000785180000,0x0000000785262f88,0x0000000785280000)
  to   space 5632K, 0% used [0x0000000785680000,0x0000000785680000,0x0000000785c00000)
 ParOldGen       total 125952K, used 9404K [0x0000000708c00000, 0x0000000710700000, 0x0000000782f00000)
  object space 125952K, 7% used [0x0000000708c00000,0x000000070952f3d0,0x0000000710700000)
 Metaspace       used 10497K, capacity 10644K, committed 10880K, reserved 1058816K
  class space    used 1217K, capacity 1291K, committed 1408K, reserved 1048576K
}
Event: 89.328 GC heap before
{Heap before GC invocations=24 (full 0):
 PSYoungGen      total 35840K, used 35516K [0x0000000782f00000, 0x0000000785c00000, 0x00000007c0000000)
  eden space 34816K, 99% used [0x0000000782f00000,0x00000007850cc1a8,0x0000000785100000)
  from space 1024K, 88% used [0x0000000785180000,0x0000000785262f88,0x0000000785280000)
  to   space 5632K, 0% used [0x0000000785680000,0x0000000785680000,0x0000000785c00000)
 ParOldGen       total 125952K, used 9704K [0x0000000708c00000, 0x0000000710700000, 0x0000000782f00000)
  object space 125952K, 7% used [0x0000000708c00000,0x000000070957a3e0,0x0000000710700000)
 Metaspace       used 10501K, capacity 10644K, committed 10880K, reserved 1058816K
  class space    used 1217K, capacity 1291K, committed 1408K, reserved 1048576K
Event: 89.330 GC heap after
Heap after GC invocations=24 (full 0):
 PSYoungGen      total 38400K, used 852K [0x0000000782f00000, 0x0000000785a80000, 0x00000007c0000000)
  eden space 34304K, 0% used [0x0000000782f00000,0x0000000782f00000,0x0000000785080000)
  from space 4096K, 20% used [0x0000000785680000,0x0000000785755240,0x0000000785a80000)
  to   space 5120K, 0% used [0x0000000785080000,0x0000000785080000,0x0000000785580000)
 ParOldGen       total 125952K, used 9736K [0x0000000708c00000, 0x0000000710700000, 0x0000000782f00000)
  object space 125952K, 7% used [0x0000000708c00000,0x00000007095823e0,0x0000000710700000)
 Metaspace       used 10501K, capacity 10644K, committed 10880K, reserved 1058816K
  class space    used 1217K, capacity 1291K, committed 1408K, reserved 1048576K
}
Event: 93.534 GC heap before
{Heap before GC invocations=25 (full 0):
 PSYoungGen      total 38400K, used 35156K [0x0000000782f00000, 0x0000000785a80000, 0x00000007c0000000)
  eden space 34304K, 100% used [0x0000000782f00000,0x0000000785080000,0x0000000785080000)
  from space 4096K, 20% used [0x0000000785680000,0x0000000785755240,0x0000000785a80000)
  to   space 5120K, 0% used [0x0000000785080000,0x0000000785080000,0x0000000785580000)
 ParOldGen       total 125952K, used 10941K [0x0000000708c00000, 0x0000000710700000, 0x0000000782f00000)
  object space 125952K, 8% used [0x0000000708c00000,0x00000007096af420,0x0000000710700000)
 Metaspace       used 10501K, capacity 10644K, committed 10880K, reserved 1058816K
  class space    used 1217K, capacity 1291K, committed 1408K, reserved 1048576K
Event: 93.563 GC heap after
Heap after GC invocations=25 (full 0):
 PSYoungGen      total 34304K, used 253K [0x0000000782f00000, 0x0000000785a00000, 0x00000007c0000000)
  eden space 33792K, 0% used [0x0000000782f00000,0x0000000782f00000,0x0000000785000000)
  from space 512K, 49% used [0x0000000785080000,0x00000007850bf488,0x0000000785100000)
  to   space 5120K, 0% used [0x0000000785500000,0x0000000785500000,0x0000000785a00000)
 ParOldGen       total 125952K, used 10957K [0x0000000708c00000, 0x0000000710700000, 0x0000000782f00000)
  object space 125952K, 8% used [0x0000000708c00000,0x00000007096b3420,0x0000000710700000)
 Metaspace       used 10501K, capacity 10644K, committed 10880K, reserved 1058816K
  class space    used 1217K, capacity 1291K, committed 1408K, reserved 1048576K
}
Event: 97.741 GC heap before
{Heap before GC invocations=26 (full 0):
 PSYoungGen      total 34304K, used 33778K [0x0000000782f00000, 0x0000000785a00000, 0x00000007c0000000)
  eden space 33792K, 99% used [0x0000000782f00000,0x0000000784fbd728,0x0000000785000000)
  from space 512K, 49% used [0x0000000785080000,0x00000007850bf488,0x0000000785100000)
  to   space 5120K, 0% used [0x0000000785500000,0x0000000785500000,0x0000000785a00000)
 ParOldGen       total 125952K, used 10957K [0x0000000708c00000, 0x0000000710700000, 0x0000000782f00000)
  object space 125952K, 8% used [0x0000000708c00000,0x00000007096b3420,0x0000000710700000)
 Metaspace       used 10504K, capacity 10708K, committed 10880K, reserved 1058816K
  class space    used 1217K, capacity 1291K, committed 1408K, reserved 1048576K
Event: 97.744 GC heap after
Heap after GC invocations=26 (full 0):
 PSYoungGen      total 36864K, used 585K [0x0000000782f00000, 0x0000000785880000, 0x00000007c0000000)
  eden space 33280K, 0% used [0x0000000782f00000,0x0000000782f00000,0x0000000784f80000)
  from space 3584K, 16% used [0x0000000785500000,0x00000007855927d8,0x0000000785880000)
  to   space 4608K, 0% used [0x0000000784f80000,0x0000000784f80000,0x0000000785400000)
 ParOldGen       total 125952K, used 10965K [0x0000000708c00000, 0x0000000710700000, 0x0000000782f00000)
  object space 125952K, 8% used [0x0000000708c00000,0x00000007096b5420,0x0000000710700000)
 Metaspace       used 10504K, capacity 10708K, committed 10880K, reserved 1058816K
  class space    used 1217K, capacity 1291K, committed 1408K, reserved 1048576K
}

