# JRE version: Java(TM) SE Runtime Environment (8.0_111-b14) (build 1.8.0_111-b14)
# Java VM: Java HotSpot(TM) 64-Bit Server VM (25.111-b14 mixed mode windows-amd64 compressed oops)
Heap:
 PSYoungGen      total 54784K, used 14023K [0x0000000782f00000, 0x0000000786c00000, 0x00000007c0000000)
  eden space 47104K, 20% used [0x0000000782f00000,0x00000007838344b8,0x0000000785d00000)
  from space 7680K, 59% used [0x0000000786480000,0x00000007868fd848,0x0000000786c00000)
  to   space 7680K, 0% used [0x0000000785d00000,0x0000000785d00000,0x0000000786480000)
 ParOldGen       total 125952K, used 24K [0x0000000708c00000, 0x0000000710700000, 0x0000000782f00000)
  object space 125952K, 0% used [0x0000000708c00000,0x0000000708c06000,0x0000000710700000)
 Metaspace       used 10269K, capacity 10420K, committed 10496K, reserved 1058816K
  class space    used 1199K, capacity 1259K, committed 1280K, reserved 1048576K
GC Heap History (4 events):
Event: 5.825 GC heap before
{Heap before GC invocations=1 (full 0):
 PSYoungGen      total 54784K, used 47000K [0x0000000782f00000, 0x0000000786c00000, 0x00000007c0000000)
  eden space 47104K, 99% used [0x0000000782f00000,0x0000000785ce6050,0x0000000785d00000)
  from space 7680K, 0% used [0x0000000786480000,0x0000000786480000,0x0000000786c00000)
  to   space 7680K, 0% used [0x0000000785d00000,0x0000000785d00000,0x0000000786480000)
 ParOldGen       total 125952K, used 0K [0x0000000708c00000, 0x0000000710700000, 0x0000000782f00000)
  object space 125952K, 0% used [0x0000000708c00000,0x0000000708c00000,0x0000000710700000)
 Metaspace       used 10195K, capacity 10356K, committed 10496K, reserved 1058816K
  class space    used 1197K, capacity 1259K, committed 1280K, reserved 1048576K
Event: 5.833 GC heap after
Heap after GC invocations=1 (full 0):
 PSYoungGen      total 54784K, used 7431K [0x0000000782f00000, 0x0000000786c00000, 0x00000007c0000000)
  eden space 47104K, 0% used [0x0000000782f00000,0x0000000782f00000,0x0000000785d00000)
  from space 7680K, 96% used [0x0000000785d00000,0x0000000786441dc0,0x0000000786480000)
  to   space 7680K, 0% used [0x0000000786480000,0x0000000786480000,0x0000000786c00000)
 ParOldGen       total 125952K, used 16K [0x0000000708c00000, 0x0000000710700000, 0x0000000782f00000)
  object space 125952K, 0% used [0x0000000708c00000,0x0000000708c04000,0x0000000710700000)
 Metaspace       used 10195K, capacity 10356K, committed 10496K, reserved 1058816K
  class space    used 1197K, capacity 1259K, committed 1280K, reserved 1048576K
}
Event: 9.885 GC heap before
{Heap before GC invocations=2 (full 0):
 PSYoungGen      total 54784K, used 54535K [0x0000000782f00000, 0x0000000786c00000, 0x00000007c0000000)
  eden space 47104K, 100% used [0x0000000782f00000,0x0000000785d00000,0x0000000785d00000)
  from space 7680K, 96% used [0x0000000785d00000,0x0000000786441dc0,0x0000000786480000)
  to   space 7680K, 0% used [0x0000000786480000,0x0000000786480000,0x0000000786c00000)
 ParOldGen       total 125952K, used 16K [0x0000000708c00000, 0x0000000710700000, 0x0000000782f00000)
  object space 125952K, 0% used [0x0000000708c00000,0x0000000708c04000,0x0000000710700000)
 Metaspace       used 10255K, capacity 10420K, committed 10496K, reserved 1058816K
  class space    used 1197K, capacity 1259K, committed 1280K, reserved 1048576K
Event: 9.891 GC heap after
Heap after GC invocations=2 (full 0):
 PSYoungGen      total 54784K, used 4598K [0x0000000782f00000, 0x0000000786c00000, 0x00000007c0000000)
  eden space 47104K, 0% used [0x0000000782f00000,0x0000000782f00000,0x0000000785d00000)
  from space 7680K, 59% used [0x0000000786480000,0x00000007868fd848,0x0000000786c00000)
  to   space 7680K, 0% used [0x0000000785d00000,0x0000000785d00000,0x0000000786480000)
 ParOldGen       total 125952K, used 24K [0x0000000708c00000, 0x0000000710700000, 0x0000000782f00000)
  object space 125952K, 0% used [0x0000000708c00000,0x0000000708c06000,0x0000000710700000)
 Metaspace       used 10255K, capacity 10420K, committed 10496K, reserved 1058816K
  class space    used 1197K, capacity 1259K, committed 1280K, reserved 1048576K
}

