# JRE version: Java(TM) SE Runtime Environment (8.0_111-b14) (build 1.8.0_111-b14)
# Java VM: Java HotSpot(TM) 64-Bit Server VM (25.111-b14 mixed mode windows-amd64 compressed oops)
Heap:
 PSYoungGen      total 196096K, used 132347K [0x0000000782f00000, 0x000000078f600000, 0x00000007c0000000)
  eden space 188416K, 66% used [0x0000000782f00000,0x000000078a8c2718,0x000000078e700000)
  from space 7680K, 99% used [0x000000078ee80000,0x000000078f5fc858,0x000000078f600000)
  to   space 7680K, 0% used [0x000000078e700000,0x000000078e700000,0x000000078ee80000)
 ParOldGen       total 125952K, used 39170K [0x0000000708c00000, 0x0000000710700000, 0x0000000782f00000)
  object space 125952K, 31% used [0x0000000708c00000,0x000000070b240ae8,0x0000000710700000)
 Metaspace       used 10472K, capacity 10612K, committed 10752K, reserved 1058816K
  class space    used 1197K, capacity 1259K, committed 1280K, reserved 1048576K
GC Heap History (8 events):
Event: 5.029 GC heap before
{Heap before GC invocations=1 (full 0):
 PSYoungGen      total 54784K, used 47104K [0x0000000782f00000, 0x0000000786c00000, 0x00000007c0000000)
  eden space 47104K, 100% used [0x0000000782f00000,0x0000000785d00000,0x0000000785d00000)
  from space 7680K, 0% used [0x0000000786480000,0x0000000786480000,0x0000000786c00000)
  to   space 7680K, 0% used [0x0000000785d00000,0x0000000785d00000,0x0000000786480000)
 ParOldGen       total 125952K, used 118K [0x0000000708c00000, 0x0000000710700000, 0x0000000782f00000)
  object space 125952K, 0% used [0x0000000708c00000,0x0000000708c1d888,0x0000000710700000)
 Metaspace       used 10229K, capacity 10420K, committed 10496K, reserved 1058816K
  class space    used 1196K, capacity 1259K, committed 1280K, reserved 1048576K
Event: 5.093 GC heap after
Heap after GC invocations=1 (full 0):
 PSYoungGen      total 54784K, used 7670K [0x0000000782f00000, 0x0000000789a00000, 0x00000007c0000000)
  eden space 47104K, 0% used [0x0000000782f00000,0x0000000782f00000,0x0000000785d00000)
  from space 7680K, 99% used [0x0000000785d00000,0x000000078647d868,0x0000000786480000)
  to   space 7680K, 0% used [0x0000000789280000,0x0000000789280000,0x0000000789a00000)
 ParOldGen       total 125952K, used 5276K [0x0000000708c00000, 0x0000000710700000, 0x0000000782f00000)
  object space 125952K, 4% used [0x0000000708c00000,0x0000000709127280,0x0000000710700000)
 Metaspace       used 10229K, capacity 10420K, committed 10496K, reserved 1058816K
  class space    used 1196K, capacity 1259K, committed 1280K, reserved 1048576K
}
Event: 8.255 GC heap before
{Heap before GC invocations=2 (full 0):
 PSYoungGen      total 54784K, used 54774K [0x0000000782f00000, 0x0000000789a00000, 0x00000007c0000000)
  eden space 47104K, 100% used [0x0000000782f00000,0x0000000785d00000,0x0000000785d00000)
  from space 7680K, 99% used [0x0000000785d00000,0x000000078647d868,0x0000000786480000)
  to   space 7680K, 0% used [0x0000000789280000,0x0000000789280000,0x0000000789a00000)
 ParOldGen       total 125952K, used 5626K [0x0000000708c00000, 0x0000000710700000, 0x0000000782f00000)
  object space 125952K, 4% used [0x0000000708c00000,0x000000070917eb50,0x0000000710700000)
 Metaspace       used 10299K, capacity 10484K, committed 10752K, reserved 1058816K
  class space    used 1196K, capacity 1259K, committed 1280K, reserved 1048576K
Event: 8.310 GC heap after
Heap after GC invocations=2 (full 0):
 PSYoungGen      total 101888K, used 7658K [0x0000000782f00000, 0x0000000789a00000, 0x00000007c0000000)
  eden space 94208K, 0% used [0x0000000782f00000,0x0000000782f00000,0x0000000788b00000)
  from space 7680K, 99% used [0x0000000789280000,0x00000007899fa858,0x0000000789a00000)
  to   space 7680K, 0% used [0x0000000788b00000,0x0000000788b00000,0x0000000789280000)
 ParOldGen       total 125952K, used 12626K [0x0000000708c00000, 0x0000000710700000, 0x0000000782f00000)
  object space 125952K, 10% used [0x0000000708c00000,0x0000000709854b50,0x0000000710700000)
 Metaspace       used 10299K, capacity 10484K, committed 10752K, reserved 1058816K
  class space    used 1196K, capacity 1259K, committed 1280K, reserved 1048576K
}
Event: 15.231 GC heap before
{Heap before GC invocations=3 (full 0):
 PSYoungGen      total 101888K, used 101866K [0x0000000782f00000, 0x0000000789a00000, 0x00000007c0000000)
  eden space 94208K, 100% used [0x0000000782f00000,0x0000000788b00000,0x0000000788b00000)
  from space 7680K, 99% used [0x0000000789280000,0x00000007899fa858,0x0000000789a00000)
  to   space 7680K, 0% used [0x0000000788b00000,0x0000000788b00000,0x0000000789280000)
 ParOldGen       total 125952K, used 12631K [0x0000000708c00000, 0x0000000710700000, 0x0000000782f00000)
  object space 125952K, 10% used [0x0000000708c00000,0x0000000709855d48,0x0000000710700000)
 Metaspace       used 10372K, capacity 10548K, committed 10752K, reserved 1058816K
  class space    used 1197K, capacity 1259K, committed 1280K, reserved 1048576K
Event: 15.315 GC heap after
Heap after GC invocations=3 (full 0):
 PSYoungGen      total 101888K, used 7678K [0x0000000782f00000, 0x000000078f600000, 0x00000007c0000000)
  eden space 94208K, 0% used [0x0000000782f00000,0x0000000782f00000,0x0000000788b00000)
  from space 7680K, 99% used [0x0000000788b00000,0x000000078927f868,0x0000000789280000)
  to   space 7680K, 0% used [0x000000078ee80000,0x000000078ee80000,0x000000078f600000)
 ParOldGen       total 125952K, used 26255K [0x0000000708c00000, 0x0000000710700000, 0x0000000782f00000)
  object space 125952K, 20% used [0x0000000708c00000,0x000000070a5a3d48,0x0000000710700000)
 Metaspace       used 10372K, capacity 10548K, committed 10752K, reserved 1058816K
  class space    used 1197K, capacity 1259K, committed 1280K, reserved 1048576K
}
Event: 22.394 GC heap before
{Heap before GC invocations=4 (full 0):
 PSYoungGen      total 101888K, used 101886K [0x0000000782f00000, 0x000000078f600000, 0x00000007c0000000)
  eden space 94208K, 100% used [0x0000000782f00000,0x0000000788b00000,0x0000000788b00000)
  from space 7680K, 99% used [0x0000000788b00000,0x000000078927f868,0x0000000789280000)
  to   space 7680K, 0% used [0x000000078ee80000,0x000000078ee80000,0x000000078f600000)
 ParOldGen       total 125952K, used 27458K [0x0000000708c00000, 0x0000000710700000, 0x0000000782f00000)
  object space 125952K, 21% used [0x0000000708c00000,0x000000070a6d0ae8,0x0000000710700000)
 Metaspace       used 10406K, capacity 10548K, committed 10752K, reserved 1058816K
  class space    used 1197K, capacity 1259K, committed 1280K, reserved 1048576K
Event: 22.476 GC heap after
Heap after GC invocations=4 (full 0):
 PSYoungGen      total 196096K, used 7666K [0x0000000782f00000, 0x000000078f600000, 0x00000007c0000000)
  eden space 188416K, 0% used [0x0000000782f00000,0x0000000782f00000,0x000000078e700000)
  from space 7680K, 99% used [0x000000078ee80000,0x000000078f5fc858,0x000000078f600000)
  to   space 7680K, 0% used [0x000000078e700000,0x000000078e700000,0x000000078ee80000)
 ParOldGen       total 125952K, used 39170K [0x0000000708c00000, 0x0000000710700000, 0x0000000782f00000)
  object space 125952K, 31% used [0x0000000708c00000,0x000000070b240ae8,0x0000000710700000)
 Metaspace       used 10406K, capacity 10548K, committed 10752K, reserved 1058816K
  class space    used 1197K, capacity 1259K, committed 1280K, reserved 1048576K
}

