# JRE version: Java(TM) SE Runtime Environment (8.0_151-b12) (build 1.8.0_151-b12)
# Java VM: Java HotSpot(TM) Client VM (25.151-b12 mixed mode windows-x86 )
Heap:
 def new generation   total 18752K, used 8613K [0x06e00000, 0x08250000, 0x0c350000)
  eden space 16704K,  42% used [0x06e00000, 0x074e7908, 0x07e50000)
  from space 2048K,  75% used [0x07e50000, 0x07fd1d80, 0x08050000)
  to   space 2048K,   0% used [0x08050000, 0x08050000, 0x08250000)
 tenured generation   total 41520K, used 33651K [0x0c350000, 0x0ebdc000, 0x16e00000)
   the space 41520K,  81% used [0x0c350000, 0x0e42ce38, 0x0e42d000, 0x0ebdc000)
 Metaspace       used 6354K, capacity 6527K, committed 6656K, reserved 7552K
GC Heap History (10 events):
Event: 44.344 GC heap before
{Heap before GC invocations=64 (full 2):
 def new generation   total 18752K, used 18364K [0x06e00000, 0x08250000, 0x0c350000)
  eden space 16704K,  98% used [0x06e00000, 0x07e19700, 0x07e50000)
  from space 2048K,  91% used [0x08050000, 0x08225cd0, 0x08250000)
  to   space 2048K,   0% used [0x07e50000, 0x07e50000, 0x08050000)
 tenured generation   total 41520K, used 31849K [0x0c350000, 0x0ebdc000, 0x16e00000)
   the space 41520K,  76% used [0x0c350000, 0x0e26a550, 0x0e26a600, 0x0ebdc000)
 Metaspace       used 6347K, capacity 6527K, committed 6656K, reserved 7552K
Event: 44.345 GC heap after
Heap after GC invocations=65 (full 2):
 def new generation   total 18752K, used 1236K [0x06e00000, 0x08250000, 0x0c350000)
  eden space 16704K,   0% used [0x06e00000, 0x06e00000, 0x07e50000)
  from space 2048K,  60% used [0x07e50000, 0x07f85200, 0x08050000)
  to   space 2048K,   0% used [0x08050000, 0x08050000, 0x08250000)
 tenured generation   total 41520K, used 31850K [0x0c350000, 0x0ebdc000, 0x16e00000)
   the space 41520K,  76% used [0x0c350000, 0x0e26a8c8, 0x0e26aa00, 0x0ebdc000)
 Metaspace       used 6347K, capacity 6527K, committed 6656K, reserved 7552K
}
Event: 45.371 GC heap before
{Heap before GC invocations=65 (full 2):
 def new generation   total 18752K, used 17700K [0x06e00000, 0x08250000, 0x0c350000)
  eden space 16704K,  98% used [0x06e00000, 0x07e13e28, 0x07e50000)
  from space 2048K,  60% used [0x07e50000, 0x07f85200, 0x08050000)
  to   space 2048K,   0% used [0x08050000, 0x08050000, 0x08250000)
 tenured generation   total 41520K, used 32750K [0x0c350000, 0x0ebdc000, 0x16e00000)
   the space 41520K,  78% used [0x0c350000, 0x0e34b8d8, 0x0e34ba00, 0x0ebdc000)
 Metaspace       used 6347K, capacity 6527K, committed 6656K, reserved 7552K
Event: 45.372 GC heap after
Heap after GC invocations=66 (full 2):
 def new generation   total 18752K, used 1299K [0x06e00000, 0x08250000, 0x0c350000)
  eden space 16704K,   0% used [0x06e00000, 0x06e00000, 0x07e50000)
  from space 2048K,  63% used [0x08050000, 0x08194f58, 0x08250000)
  to   space 2048K,   0% used [0x07e50000, 0x07e50000, 0x08050000)
 tenured generation   total 41520K, used 32750K [0x0c350000, 0x0ebdc000, 0x16e00000)
   the space 41520K,  78% used [0x0c350000, 0x0e34ba68, 0x0e34bc00, 0x0ebdc000)
 Metaspace       used 6347K, capacity 6527K, committed 6656K, reserved 7552K
}
Event: 46.262 GC heap before
{Heap before GC invocations=66 (full 2):
 def new generation   total 18752K, used 18005K [0x06e00000, 0x08250000, 0x0c350000)
  eden space 16704K, 100% used [0x06e00000, 0x07e50000, 0x07e50000)
  from space 2048K,  63% used [0x08050000, 0x081956e8, 0x08250000)
  to   space 2048K,   0% used [0x07e50000, 0x07e50000, 0x08050000)
 tenured generation   total 41520K, used 32750K [0x0c350000, 0x0ebdc000, 0x16e00000)
   the space 41520K,  78% used [0x0c350000, 0x0e34ba68, 0x0e34bc00, 0x0ebdc000)
 Metaspace       used 6347K, capacity 6527K, committed 6656K, reserved 7552K
Event: 46.263 GC heap after
Heap after GC invocations=67 (full 2):
 def new generation   total 18752K, used 1297K [0x06e00000, 0x08250000, 0x0c350000)
  eden space 16704K,   0% used [0x06e00000, 0x06e00000, 0x07e50000)
  from space 2048K,  63% used [0x07e50000, 0x07f945b0, 0x08050000)
  to   space 2048K,   0% used [0x08050000, 0x08050000, 0x08250000)
 tenured generation   total 41520K, used 33650K [0x0c350000, 0x0ebdc000, 0x16e00000)
   the space 41520K,  81% used [0x0c350000, 0x0e42cbd8, 0x0e42cc00, 0x0ebdc000)
 Metaspace       used 6347K, capacity 6527K, committed 6656K, reserved 7552K
}
Event: 47.256 GC heap before
{Heap before GC invocations=67 (full 2):
 def new generation   total 18752K, used 18001K [0x06e00000, 0x08250000, 0x0c350000)
  eden space 16704K, 100% used [0x06e00000, 0x07e50000, 0x07e50000)
  from space 2048K,  63% used [0x07e50000, 0x07f94680, 0x08050000)
  to   space 2048K,   0% used [0x08050000, 0x08050000, 0x08250000)
 tenured generation   total 41520K, used 33650K [0x0c350000, 0x0ebdc000, 0x16e00000)
   the space 41520K,  81% used [0x0c350000, 0x0e42cbd8, 0x0e42cc00, 0x0ebdc000)
 Metaspace       used 6347K, capacity 6527K, committed 6656K, reserved 7552K
Event: 47.257 GC heap after
Heap after GC invocations=68 (full 2):
 def new generation   total 18752K, used 1208K [0x06e00000, 0x08250000, 0x0c350000)
  eden space 16704K,   0% used [0x06e00000, 0x06e00000, 0x07e50000)
  from space 2048K,  59% used [0x08050000, 0x0817e230, 0x08250000)
  to   space 2048K,   0% used [0x07e50000, 0x07e50000, 0x08050000)
 tenured generation   total 41520K, used 33651K [0x0c350000, 0x0ebdc000, 0x16e00000)
   the space 41520K,  81% used [0x0c350000, 0x0e42cd38, 0x0e42ce00, 0x0ebdc000)
 Metaspace       used 6347K, capacity 6527K, committed 6656K, reserved 7552K
}
Event: 48.291 GC heap before
{Heap before GC invocations=68 (full 2):
 def new generation   total 18752K, used 17962K [0x06e00000, 0x08250000, 0x0c350000)
  eden space 16704K,  98% used [0x06e00000, 0x07e11750, 0x07e50000)
  from space 2048K,  73% used [0x08050000, 0x081c9240, 0x08250000)
  to   space 2048K,   0% used [0x07e50000, 0x07e50000, 0x08050000)
 tenured generation   total 41520K, used 33651K [0x0c350000, 0x0ebdc000, 0x16e00000)
   the space 41520K,  81% used [0x0c350000, 0x0e42cd38, 0x0e42ce00, 0x0ebdc000)
 Metaspace       used 6350K, capacity 6527K, committed 6656K, reserved 7552K
Event: 48.292 GC heap after
Heap after GC invocations=69 (full 2):
 def new generation   total 18752K, used 1543K [0x06e00000, 0x08250000, 0x0c350000)
  eden space 16704K,   0% used [0x06e00000, 0x06e00000, 0x07e50000)
  from space 2048K,  75% used [0x07e50000, 0x07fd1d80, 0x08050000)
  to   space 2048K,   0% used [0x08050000, 0x08050000, 0x08250000)
 tenured generation   total 41520K, used 33651K [0x0c350000, 0x0ebdc000, 0x16e00000)
   the space 41520K,  81% used [0x0c350000, 0x0e42ce38, 0x0e42d000, 0x0ebdc000)
 Metaspace       used 6350K, capacity 6527K, committed 6656K, reserved 7552K
}

